641,Little Indian, Big City (Un indien dans la ville) (1994),Comedy
655,Mutters Courage (1995),Comedy
684,Windows (1980),Drama
730,Low Life, The (1994),Drama
810,Kazaam (1996),Children's|Comedy|Fantasy
1165,Bloody Child, The (1996),Drama|Thriller
1311,Santa with Muscles (1996),Comedy
1323,Amityville 3-D (1983),Horror
1383,Adrenalin: Fear the Rush (1996),Action|Sci-Fi
1430,Underworld (1997),Thriller
1495,Turbo: A Power Rangers Movie (1997),Action|Adventure|Children's
1538,Second Jungle Book: Mowgli & Baloo, The (1997),Adventure|Children's
1714,Never Met Picasso (1996),Romance
1739,3 Ninjas: High Noon On Mega Mountain (1998),Action|Children's
1815,Eden (1997),Drama
1826,Barney's Great Adventure (1998),Adventure|Children's
2218,Juno and Paycock (1930),Drama
2845,White Boys (1999),Drama
3027,Slaughterhouse 2 (1988),Horror
3166,Brenda Starr (1989),Adventure
3209,Loves of Carmen, The (1948),Drama
3460,Hillbillys in a Haunted House (1967),Comedy
3574,Carnosaur 3: Primal Species (1996),Horror|Sci-Fi
3722,Live Virgin (1999),Comedy
