19,Ace Ventura: When Nature Calls (1995),Comedy
104,Happy Gilmore (1996),Comedy
168,First Knight (1995),Action|Adventure|Drama|Romance
216,Billy Madison (1995),Comedy
231,Dumb & Dumber (1994),Comedy
333,Tommy Boy (1995),Comedy
344,Ace Ventura: Pet Detective (1994),Comedy
480,Jurassic Park (1993),Action|Adventure|Sci-Fi
589,Terminator 2: Judgment Day (1991),Action|Sci-Fi|Thriller
788,Nutty Professor, The (1996),Comedy|Fantasy|Romance|Sci-Fi
1100,Days of Thunder (1990),Action|Romance
1196,Star Wars: Episode V - The Empire Strikes Back (1980),Action|Adventure|Drama|Sci-Fi|War
1210,Star Wars: Episode VI - Return of the Jedi (1983),Action|Adventure|Romance|Sci-Fi|War
1517,Austin Powers: International Man of Mystery (1997),Comedy
1544,Lost World: Jurassic Park, The (1997),Action|Adventure|Sci-Fi|Thriller
1917,Armageddon (1998),Action|Adventure|Sci-Fi|Thriller
2335,Waterboy, The (1998),Comedy
2402,Rambo: First Blood Part II (1985),Action|War
2404,Rambo III (1988),Action|War
2410,Rocky III (1982),Action|Drama
2411,Rocky IV (1985),Action|Drama
2628,Star Wars: Episode I - The Phantom Menace (1999),Action|Adventure|Fantasy|Sci-Fi
2683,Austin Powers: The Spy Who Shagged Me (1999),Comedy
3113,End of Days (1999),Action|Thriller
