551,Nightmare Before Christmas, The (1993),Children's|Comedy|Musical
588,Aladdin (1992),Animation|Children's|Comedy|Musical
1028,Mary Poppins (1964),Children's|Comedy|Musical
1073,Willy Wonka and the Chocolate Factory (1971),Adventure|Children's|Comedy|Fantasy
1197,Princess Bride, The (1987),Action|Adventure|Comedy|Romance
1285,Heathers (1989),Comedy
1968,Breakfast Club, The (1985),Comedy|Drama
2005,Goonies, The (1985),Adventure|Children's|Fantasy
2081,Little Mermaid, The (1989),Animation|Children's|Comedy|Musical|Romance
2105,Tron (1982),Action|Adventure|Fantasy|Sci-Fi
2140,Dark Crystal, The (1982),Children's|Fantasy|Sci-Fi
2161,NeverEnding Story, The (1984),Adventure|Children's|Fantasy
2174,Beetlejuice (1988),Comedy|Fantasy
2291,Edward Scissorhands (1990),Drama|Romance
2355,Bug's Life, A (1998),Animation|Children's|Comedy
2657,Rocky Horror Picture Show, The (1975),Comedy|Horror|Musical|Sci-Fi
2716,Ghostbusters (1984),Comedy|Horror
2746,Little Shop of Horrors (1986),Comedy|Horror|Musical
2791,Airplane! (1980),Comedy
2918,Ferris Bueller's Day Off (1986),Comedy
2987,Who Framed Roger Rabbit? (1988),Adventure|Animation|Film-Noir
3033,Spaceballs (1987),Comedy|Sci-Fi
3396,Muppet Movie, The (1979),Children's|Comedy
3608,Pee-wee's Big Adventure (1985),Comedy
