110,Braveheart (1995),Action|Drama|War
223,Clerks (1994),Comedy
288,Natural Born Killers (1994),Action|Thriller
296,Pulp Fiction (1994),Crime|Drama
924,2001: A Space Odyssey (1968),Drama|Mystery|Sci-Fi|Thriller
1089,Reservoir Dogs (1992),Crime|Thriller
1206,Clockwork Orange, A (1971),Sci-Fi
1208,Apocalypse Now (1979),Drama|War
1222,Full Metal Jacket (1987),Action|Drama|War
1258,Shining, The (1980),Horror
1371,Star Trek: The Motion Picture (1979),Action|Adventure|Sci-Fi
1373,Star Trek V: The Final Frontier (1989),Action|Adventure|Sci-Fi
1732,Big Lebowski, The (1998),Comedy|Crime|Mystery|Thriller
1884,Fear and Loathing in Las Vegas (1998),Comedy|Drama
1921,Pi (1998),Sci-Fi|Thriller
2021,Dune (1984),Fantasy|Sci-Fi
2076,Blue Velvet (1986),Drama|Mystery
2105,Tron (1982),Action|Adventure|Fantasy|Sci-Fi
2122,Children of the Corn (1984),Horror|Thriller
2628,Star Wars: Episode I - The Phantom Menace (1999),Action|Adventure|Fantasy|Sci-Fi
2712,Eyes Wide Shut (1999),Drama
2858,American Beauty (1999),Comedy|Drama
2959,Fight Club (1999),Drama
3033,Spaceballs (1987),Comedy|Sci-Fi
