231,Dumb & Dumber (1994),Comedy
296,Pulp Fiction (1994),Crime|Drama
785,Kingpin (1996),Comedy
858,Godfather, The (1972),Action|Crime|Drama
880,Island of Dr. Moreau, The (1996),Sci-Fi|Thriller
924,2001: A Space Odyssey (1968),Drama|Mystery|Sci-Fi|Thriller
1206,Clockwork Orange, A (1971),Sci-Fi
1208,Apocalypse Now (1979),Drama|War
1213,GoodFellas (1990),Crime|Drama
1221,Godfather: Part II, The (1974),Action|Crime|Drama
1258,Shining, The (1980),Horror
1320,Alien³ (1992),Action|Horror|Sci-Fi|Thriller
1371,Star Trek: The Motion Picture (1979),Action|Adventure|Sci-Fi
1676,Starship Troopers (1997),Action|Adventure|Sci-Fi|War
1732,Big Lebowski, The (1998),Comedy|Crime|Mystery|Thriller
1997,Exorcist, The (1973),Horror
2021,Dune (1984),Fantasy|Sci-Fi
2160,Rosemary's Baby (1968),Horror|Thriller
2395,Rushmore (1998),Comedy
2628,Star Wars: Episode I - The Phantom Menace (1999),Action|Adventure|Fantasy|Sci-Fi
2712,Eyes Wide Shut (1999),Drama
2858,American Beauty (1999),Comedy|Drama
3441,Red Dawn (1984),Action|War
3702,Mad Max (1979),Action|Sci-Fi
