111,Taxi Driver (1976),Drama|Thriller
260,Star Wars: Episode IV - A New Hope (1977),Action|Adventure|Fantasy|Sci-Fi
296,Pulp Fiction (1994),Crime|Drama
480,Jurassic Park (1993),Action|Adventure|Sci-Fi
589,Terminator 2: Judgment Day (1991),Action|Sci-Fi|Thriller
608,Fargo (1996),Crime|Drama|Thriller
858,Godfather, The (1972),Action|Crime|Drama
1196,Star Wars: Episode V - The Empire Strikes Back (1980),Action|Adventure|Drama|Sci-Fi|War
1206,Clockwork Orange, A (1971),Sci-Fi
1210,Star Wars: Episode VI - Return of the Jedi (1983),Action|Adventure|Romance|Sci-Fi|War
1213,GoodFellas (1990),Crime|Drama
1221,Godfather: Part II, The (1974),Action|Crime|Drama
1230,Annie Hall (1977),Comedy|Romance
1673,Boogie Nights (1997),Drama
2395,Rushmore (1998),Comedy
2427,Thin Red Line, The (1998),Action|Drama|War
2599,Election (1999),Comedy
2628,Star Wars: Episode I - The Phantom Menace (1999),Action|Adventure|Fantasy|Sci-Fi
2710,Blair Witch Project, The (1999),Horror
2712,Eyes Wide Shut (1999),Drama
2890,Three Kings (1999),Drama|War
2997,Being John Malkovich (1999),Comedy
3160,Magnolia (1999),Drama
3176,Talented Mr. Ripley, The (1999),Drama|Mystery|Thriller
