110,Braveheart (1995),Action|Drama|War
349,Clear and Present Danger (1994),Action|Adventure|Thriller
648,Mission: Impossible (1996),Action|Adventure|Mystery
733,Rock, The (1996),Action|Adventure|Thriller
736,Twister (1996),Action|Adventure|Romance|Thriller
780,Independence Day (ID4) (1996),Action|Sci-Fi|War
858,Godfather, The (1972),Action|Crime|Drama
924,2001: A Space Odyssey (1968),Drama|Mystery|Sci-Fi|Thriller
1208,Apocalypse Now (1979),Drama|War
1221,Godfather: Part II, The (1974),Action|Crime|Drama
1320,Alien³ (1992),Action|Horror|Sci-Fi|Thriller
1544,Lost World: Jurassic Park, The (1997),Action|Adventure|Sci-Fi|Thriller
1552,Con Air (1997),Action|Adventure|Thriller
1573,Face/Off (1997),Action|Sci-Fi|Thriller
1608,Air Force One (1997),Action|Thriller
1690,Alien: Resurrection (1997),Action|Horror|Sci-Fi
1917,Armageddon (1998),Action|Adventure|Sci-Fi|Thriller
2028,Saving Private Ryan (1998),Action|Drama|War
2628,Star Wars: Episode I - The Phantom Menace (1999),Action|Adventure|Fantasy|Sci-Fi
2881,Double Jeopardy (1999),Action|Thriller
3382,Song of Freedom (1936),Drama
3578,Gladiator (2000),Action|Drama
3623,Mission: Impossible 2 (2000),Action|Thriller
3753,Patriot, The (2000),Action|Drama|War
