110,Braveheart (1995),Action|Drama|War
316,Stargate (1994),Action|Adventure|Sci-Fi
356,Forrest Gump (1994),Comedy|Romance|War
377,Speed (1994),Action|Romance|Thriller
380,True Lies (1994),Action|Adventure|Comedy|Romance
480,Jurassic Park (1993),Action|Adventure|Sci-Fi
597,Pretty Woman (1990),Comedy|Romance
736,Twister (1996),Action|Adventure|Romance|Thriller
780,Independence Day (ID4) (1996),Action|Sci-Fi|War
1527,Fifth Element, The (1997),Action|Sci-Fi
1544,Lost World: Jurassic Park, The (1997),Action|Adventure|Sci-Fi|Thriller
1552,Con Air (1997),Action|Adventure|Thriller
1573,Face/Off (1997),Action|Sci-Fi|Thriller
1580,Men in Black (1997),Action|Adventure|Comedy|Sci-Fi
1721,Titanic (1997),Drama|Romance
1876,Deep Impact (1998),Action|Drama|Sci-Fi|Thriller
1917,Armageddon (1998),Action|Adventure|Sci-Fi|Thriller
2571,Matrix, The (1999),Action|Sci-Fi|Thriller
2617,Mummy, The (1999),Action|Adventure|Horror|Thriller
2762,Sixth Sense, The (1999),Thriller
2858,American Beauty (1999),Comedy|Drama
3578,Gladiator (2000),Action|Drama
3623,Mission: Impossible 2 (2000),Action|Thriller
3753,Patriot, The (2000),Action|Drama|War
