25,Leaving Las Vegas (1995),Drama|Romance
223,Clerks (1994),Comedy
253,Interview with the Vampire (1994),Drama|Horror
288,Natural Born Killers (1994),Action|Thriller
924,2001: A Space Odyssey (1968),Drama|Mystery|Sci-Fi|Thriller
1206,Clockwork Orange, A (1971),Sci-Fi
1210,Star Wars: Episode VI - Return of the Jedi (1983),Action|Adventure|Romance|Sci-Fi|War
1222,Full Metal Jacket (1987),Action|Drama|War
1258,Shining, The (1980),Horror
1371,Star Trek: The Motion Picture (1979),Action|Adventure|Sci-Fi
1732,Big Lebowski, The (1998),Comedy|Crime|Mystery|Thriller
1884,Fear and Loathing in Las Vegas (1998),Comedy|Drama
1921,Pi (1998),Sci-Fi|Thriller
2021,Dune (1984),Fantasy|Sci-Fi
2105,Tron (1982),Action|Adventure|Fantasy|Sci-Fi
2395,Rushmore (1998),Comedy
2628,Star Wars: Episode I - The Phantom Menace (1999),Action|Adventure|Fantasy|Sci-Fi
2710,Blair Witch Project, The (1999),Horror
2712,Eyes Wide Shut (1999),Drama
2858,American Beauty (1999),Comedy|Drama
2959,Fight Club (1999),Drama
2997,Being John Malkovich (1999),Comedy
3033,Spaceballs (1987),Comedy|Sci-Fi
3160,Magnolia (1999),Drama
