260,Star Wars: Episode IV - A New Hope (1977),Action|Adventure|Fantasy|Sci-Fi
296,Pulp Fiction (1994),Crime|Drama
480,Jurassic Park (1993),Action|Adventure|Sci-Fi
527,Schindler's List (1993),Drama|War
589,Terminator 2: Judgment Day (1991),Action|Sci-Fi|Thriller
593,Silence of the Lambs, The (1991),Drama|Thriller
608,Fargo (1996),Crime|Drama|Thriller
1196,Star Wars: Episode V - The Empire Strikes Back (1980),Action|Adventure|Drama|Sci-Fi|War
1210,Star Wars: Episode VI - Return of the Jedi (1983),Action|Adventure|Romance|Sci-Fi|War
1213,GoodFellas (1990),Crime|Drama
1387,Jaws (1975),Action|Horror
1544,Lost World: Jurassic Park, The (1997),Action|Adventure|Sci-Fi|Thriller
1673,Boogie Nights (1997),Drama
1721,Titanic (1997),Drama|Romance
2028,Saving Private Ryan (1998),Action|Drama|War
2395,Rushmore (1998),Comedy
2599,Election (1999),Comedy
2628,Star Wars: Episode I - The Phantom Menace (1999),Action|Adventure|Fantasy|Sci-Fi
2710,Blair Witch Project, The (1999),Horror
2712,Eyes Wide Shut (1999),Drama
2858,American Beauty (1999),Comedy|Drama
2997,Being John Malkovich (1999),Comedy
3160,Magnolia (1999),Drama
3176,Talented Mr. Ripley, The (1999),Drama|Mystery|Thriller
