1,Toy Story (1995),Animation|Children's|Comedy
34,Babe (1995),Children's|Comedy|Drama
260,Star Wars: Episode IV - A New Hope (1977),Action|Adventure|Fantasy|Sci-Fi
377,Speed (1994),Action|Romance|Thriller
480,Jurassic Park (1993),Action|Adventure|Sci-Fi
541,Blade Runner (1982),Film-Noir|Sci-Fi
589,Terminator 2: Judgment Day (1991),Action|Sci-Fi|Thriller
595,Beauty and the Beast (1991),Animation|Children's|Musical
899,Singin' in the Rain (1952),Musical|Romance
919,Wizard of Oz, The (1939),Adventure|Children's|Drama|Musical
1200,Aliens (1986),Action|Sci-Fi|Thriller|War
1214,Alien (1979),Action|Horror|Sci-Fi|Thriller
1219,Psycho (1960),Horror|Thriller
1221,Godfather: Part II, The (1974),Action|Crime|Drama
1240,Terminator, The (1984),Action|Sci-Fi|Thriller
1374,Star Trek: The Wrath of Khan (1982),Action|Adventure|Sci-Fi
1376,Star Trek IV: The Voyage Home (1986),Action|Adventure|Sci-Fi
1387,Jaws (1975),Action|Horror
1544,Lost World: Jurassic Park, The (1997),Action|Adventure|Sci-Fi|Thriller
1580,Men in Black (1997),Action|Adventure|Comedy|Sci-Fi
2366,King Kong (1933),Action|Adventure|Horror
2617,Mummy, The (1999),Action|Adventure|Horror|Thriller
2985,Robocop (1987),Action|Crime|Sci-Fi
3175,Galaxy Quest (1999),Adventure|Comedy|Sci-Fi
