1,Toy Story (1995),Animation|Children's|Comedy
34,Babe (1995),Children's|Comedy|Drama
39,Clueless (1995),Comedy|Romance
377,Speed (1994),Action|Romance|Thriller
588,Aladdin (1992),Animation|Children's|Comedy|Musical
590,Dances with Wolves (1990),Adventure|Drama|Western
595,Beauty and the Beast (1991),Animation|Children's|Musical
1097,E.T. the Extra-Terrestrial (1982),Children's|Drama|Fantasy|Sci-Fi
1265,Groundhog Day (1993),Comedy|Romance
1270,Back to the Future (1985),Comedy|Sci-Fi
1307,When Harry Met Sally... (1989),Comedy|Romance
1393,Jerry Maguire (1996),Drama|Romance
1721,Titanic (1997),Drama|Romance
2081,Little Mermaid, The (1989),Animation|Children's|Comedy|Musical|Romance
2384,Babe: Pig in the City (1998),Children's|Comedy
2396,Shakespeare in Love (1998),Comedy|Romance
2700,South Park: Bigger, Longer and Uncut (1999),Animation|Comedy
2710,Blair Witch Project, The (1999),Horror
2762,Sixth Sense, The (1999),Thriller
2791,Airplane! (1980),Comedy
2797,Big (1988),Comedy|Fantasy
3114,Toy Story 2 (1999),Animation|Children's|Comedy
3361,Bull Durham (1988),Comedy
3418,Thelma & Louise (1991),Action|Drama
