208,Waterworld (1995),Action|Adventure
288,Natural Born Killers (1994),Action|Thriller
541,Blade Runner (1982),Film-Noir|Sci-Fi
593,Silence of the Lambs, The (1991),Drama|Thriller
924,2001: A Space Odyssey (1968),Drama|Mystery|Sci-Fi|Thriller
1200,Aliens (1986),Action|Sci-Fi|Thriller|War
1214,Alien (1979),Action|Horror|Sci-Fi|Thriller
1221,Godfather: Part II, The (1974),Action|Crime|Drama
1320,Alien³ (1992),Action|Horror|Sci-Fi|Thriller
1339,Bram Stoker's Dracula (1992),Horror|Romance
1438,Dante's Peak (1997),Action|Thriller
1544,Lost World: Jurassic Park, The (1997),Action|Adventure|Sci-Fi|Thriller
1580,Men in Black (1997),Action|Adventure|Comedy|Sci-Fi
1676,Starship Troopers (1997),Action|Adventure|Sci-Fi|War
1917,Armageddon (1998),Action|Adventure|Sci-Fi|Thriller
1997,Exorcist, The (1973),Horror
2571,Matrix, The (1999),Action|Sci-Fi|Thriller
2762,Sixth Sense, The (1999),Thriller
2793,American Werewolf in Paris, An (1997),Comedy|Horror
2997,Being John Malkovich (1999),Comedy
3113,End of Days (1999),Action|Thriller
3176,Talented Mr. Ripley, The (1999),Drama|Mystery|Thriller
3354,Mission to Mars (2000),Sci-Fi
3623,Mission: Impossible 2 (2000),Action|Thriller
