32,Twelve Monkeys (1995),Drama|Sci-Fi
39,Clueless (1995),Comedy|Romance
235,Ed Wood (1994),Comedy|Drama
551,Nightmare Before Christmas, The (1993),Children's|Comedy|Musical
608,Fargo (1996),Crime|Drama|Thriller
1094,Crying Game, The (1992),Drama|Romance|War
1391,Mars Attacks! (1996),Action|Comedy|Sci-Fi|War
1500,Grosse Pointe Blank (1997),Comedy|Crime
1527,Fifth Element, The (1997),Action|Sci-Fi
1641,Full Monty, The (1997),Comedy
1747,Wag the Dog (1997),Comedy|Drama
2291,Edward Scissorhands (1990),Drama|Romance
2321,Pleasantville (1998),Comedy
2396,Shakespeare in Love (1998),Comedy|Romance
2657,Rocky Horror Picture Show, The (1975),Comedy|Horror|Musical|Sci-Fi
2700,South Park: Bigger, Longer and Uncut (1999),Animation|Comedy
2746,Little Shop of Horrors (1986),Comedy|Horror|Musical
2858,American Beauty (1999),Comedy|Drama
2959,Fight Club (1999),Drama
2987,Who Framed Roger Rabbit? (1988),Adventure|Animation|Film-Noir
2997,Being John Malkovich (1999),Comedy
3072,Moonstruck (1987),Comedy
3108,Fisher King, The (1991),Comedy|Drama|Romance
3160,Magnolia (1999),Drama
