25,Leaving Las Vegas (1995),Drama|Romance
480,Jurassic Park (1993),Action|Adventure|Sci-Fi
593,Silence of the Lambs, The (1991),Drama|Thriller
858,Godfather, The (1972),Action|Crime|Drama
924,2001: A Space Odyssey (1968),Drama|Mystery|Sci-Fi|Thriller
968,Night of the Living Dead (1968),Horror|Sci-Fi
1097,E.T. the Extra-Terrestrial (1982),Children's|Drama|Fantasy|Sci-Fi
1200,Aliens (1986),Action|Sci-Fi|Thriller|War
1214,Alien (1979),Action|Horror|Sci-Fi|Thriller
1219,Psycho (1960),Horror|Thriller
1258,Shining, The (1980),Horror
1345,Carrie (1976),Horror
1387,Jaws (1975),Action|Horror
1721,Titanic (1997),Drama|Romance
1982,Halloween (1978),Horror
1994,Poltergeist (1982),Horror|Thriller
1997,Exorcist, The (1973),Horror
2160,Rosemary's Baby (1968),Horror|Thriller
2366,King Kong (1933),Action|Adventure|Horror
2455,Fly, The (1986),Horror|Sci-Fi
2529,Planet of the Apes (1968),Action|Sci-Fi
2710,Blair Witch Project, The (1999),Horror
2712,Eyes Wide Shut (1999),Drama
3499,Misery (1990),Horror
