32,Twelve Monkeys (1995),Drama|Sci-Fi
235,Ed Wood (1994),Comedy|Drama
551,Nightmare Before Christmas, The (1993),Children's|Comedy|Musical
1028,Mary Poppins (1964),Children's|Comedy|Musical
1094,Crying Game, The (1992),Drama|Romance|War
1197,Princess Bride, The (1987),Action|Adventure|Comedy|Romance
1285,Heathers (1989),Comedy
1527,Fifth Element, The (1997),Action|Sci-Fi
1641,Full Monty, The (1997),Comedy
2140,Dark Crystal, The (1982),Children's|Fantasy|Sci-Fi
2174,Beetlejuice (1988),Comedy|Fantasy
2291,Edward Scissorhands (1990),Drama|Romance
2355,Bug's Life, A (1998),Animation|Children's|Comedy
2396,Shakespeare in Love (1998),Comedy|Romance
2657,Rocky Horror Picture Show, The (1975),Comedy|Horror|Musical|Sci-Fi
2746,Little Shop of Horrors (1986),Comedy|Horror|Musical
2858,American Beauty (1999),Comedy|Drama
2987,Who Framed Roger Rabbit? (1988),Adventure|Animation|Film-Noir
2997,Being John Malkovich (1999),Comedy
3108,Fisher King, The (1991),Comedy|Drama|Romance
3175,Galaxy Quest (1999),Adventure|Comedy|Sci-Fi
3396,Muppet Movie, The (1979),Children's|Comedy
3481,High Fidelity (2000),Comedy
3751,Chicken Run (2000),Animation|Children's|Comedy
