111,Taxi Driver (1976),Drama|Thriller
288,Natural Born Killers (1994),Action|Thriller
296,Pulp Fiction (1994),Crime|Drama
858,Godfather, The (1972),Action|Crime|Drama
924,2001: A Space Odyssey (1968),Drama|Mystery|Sci-Fi|Thriller
1089,Reservoir Dogs (1992),Crime|Thriller
1206,Clockwork Orange, A (1971),Sci-Fi
1208,Apocalypse Now (1979),Drama|War
1221,Godfather: Part II, The (1974),Action|Crime|Drama
1222,Full Metal Jacket (1987),Action|Drama|War
1258,Shining, The (1980),Horror
1320,Alien³ (1992),Action|Horror|Sci-Fi|Thriller
1339,Bram Stoker's Dracula (1992),Horror|Romance
1371,Star Trek: The Motion Picture (1979),Action|Adventure|Sci-Fi
1732,Big Lebowski, The (1998),Comedy|Crime|Mystery|Thriller
1921,Pi (1998),Sci-Fi|Thriller
1997,Exorcist, The (1973),Horror
2021,Dune (1984),Fantasy|Sci-Fi
2076,Blue Velvet (1986),Drama|Mystery
2160,Rosemary's Baby (1968),Horror|Thriller
2628,Star Wars: Episode I - The Phantom Menace (1999),Action|Adventure|Fantasy|Sci-Fi
2712,Eyes Wide Shut (1999),Drama
2858,American Beauty (1999),Comedy|Drama
3382,Song of Freedom (1936),Drama
