25,Leaving Las Vegas (1995),Drama|Romance
266,Legends of the Fall (1994),Drama|Romance|War|Western
356,Forrest Gump (1994),Comedy|Romance|War
500,Mrs. Doubtfire (1993),Comedy
539,Sleepless in Seattle (1993),Comedy|Romance
590,Dances with Wolves (1990),Adventure|Drama|Western
597,Pretty Woman (1990),Comedy|Romance
1101,Top Gun (1986),Action|Romance
1183,English Patient, The (1996),Drama|Romance|War
1271,Fried Green Tomatoes (1991),Drama
1307,When Harry Met Sally... (1989),Comedy|Romance
1380,Grease (1978),Comedy|Musical|Romance
1721,Titanic (1997),Drama|Romance
1784,As Good As It Gets (1997),Comedy|Drama
1958,Terms of Endearment (1983),Comedy|Drama
1961,Rain Man (1988),Drama
2028,Saving Private Ryan (1998),Action|Drama|War
2268,Few Good Men, A (1992),Crime|Drama
2396,Shakespeare in Love (1998),Comedy|Romance
2424,You've Got Mail (1998),Comedy|Romance
2628,Star Wars: Episode I - The Phantom Menace (1999),Action|Adventure|Fantasy|Sci-Fi
2671,Notting Hill (1999),Comedy|Romance
2858,American Beauty (1999),Comedy|Drama
3844,Steel Magnolias (1989),Drama
