25,Leaving Las Vegas (1995),Drama|Romance
253,Interview with the Vampire (1994),Drama|Horror
288,Natural Born Killers (1994),Action|Thriller
296,Pulp Fiction (1994),Crime|Drama
924,2001: A Space Odyssey (1968),Drama|Mystery|Sci-Fi|Thriller
968,Night of the Living Dead (1968),Horror|Sci-Fi
1089,Reservoir Dogs (1992),Crime|Thriller
1206,Clockwork Orange, A (1971),Sci-Fi
1222,Full Metal Jacket (1987),Action|Drama|War
1258,Shining, The (1980),Horror
1339,Bram Stoker's Dracula (1992),Horror|Romance
1345,Carrie (1976),Horror
1371,Star Trek: The Motion Picture (1979),Action|Adventure|Sci-Fi
1732,Big Lebowski, The (1998),Comedy|Crime|Mystery|Thriller
1982,Halloween (1978),Horror
1997,Exorcist, The (1973),Horror
2021,Dune (1984),Fantasy|Sci-Fi
2076,Blue Velvet (1986),Drama|Mystery
2395,Rushmore (1998),Comedy
2710,Blair Witch Project, The (1999),Horror
2712,Eyes Wide Shut (1999),Drama
2858,American Beauty (1999),Comedy|Drama
2959,Fight Club (1999),Drama
3160,Magnolia (1999),Drama
