34,Babe (1995),Children's|Comedy|Drama
172,Johnny Mnemonic (1995),Action|Sci-Fi|Thriller
216,Billy Madison (1995),Comedy
260,Star Wars: Episode IV - A New Hope (1977),Action|Adventure|Fantasy|Sci-Fi
611,Hellraiser: Bloodline (1996),Action|Horror|Sci-Fi
1196,Star Wars: Episode V - The Empire Strikes Back (1980),Action|Adventure|Drama|Sci-Fi|War
1200,Aliens (1986),Action|Sci-Fi|Thriller|War
1210,Star Wars: Episode VI - Return of the Jedi (1983),Action|Adventure|Romance|Sci-Fi|War
1215,Army of Darkness (1993),Action|Adventure|Comedy|Horror|Sci-Fi
1275,Highlander (1986),Action|Adventure
1391,Mars Attacks! (1996),Action|Comedy|Sci-Fi|War
2105,Tron (1982),Action|Adventure|Fantasy|Sci-Fi
2174,Beetlejuice (1988),Comedy|Fantasy
2253,Toys (1992),Action|Comedy|Fantasy
2291,Edward Scissorhands (1990),Drama|Romance
2297,What Dreams May Come (1998),Drama|Romance
2362,Glen or Glenda (1953),Drama
2413,Clue (1985),Comedy|Mystery
2571,Matrix, The (1999),Action|Sci-Fi|Thriller
2716,Ghostbusters (1984),Comedy|Horror
3070,Adventures of Buckaroo Bonzai Across the 8th Dimension, The (1984),Adventure|Comedy|Sci-Fi
3253,Wayne's World (1992),Comedy
3438,Teenage Mutant Ninja Turtles (1990),Action|Children's|Fantasy
3489,Hook (1991),Adventure|Fantasy
