1,Toy Story (1995),Animation|Children's|Comedy
10,GoldenEye (1995),Action|Adventure|Thriller
100,City Hall (1996),Drama|Thriller
101,Bottle Rocket (1996),Comedy
102,Mr. Wrong (1996),Comedy
1000,Curdled (1996),Crime
1002,Ed's Next Move (1996),Comedy
1003,Extreme Measures (1996),Drama|Thriller
1004,Glimmer Man, The (1996),Action|Thriller
1005,D3: The Mighty Ducks (1996),Children's|Comedy
1006,Chamber, The (1996),Drama
1007,Apple Dumpling Gang, The (1975),Children's|Comedy|Western
1008,Davy Crockett, King of the Wild Frontier (1955),Western
1009,Escape to Witch Mountain (1975),Adventure|Children's|Fantasy
1010,Love Bug, The (1969),Children's|Comedy
1011,Herbie Rides Again (1974),Adventure|Children's|Comedy
1012,Old Yeller (1957),Children's|Drama
1013,Parent Trap, The (1961),Children's|Drama
1014,Pollyanna (1960),Children's|Comedy|Drama
1015,Homeward Bound: The Incredible Journey (1993),Adventure|Children's
1016,Shaggy Dog, The (1959),Children's|Comedy
1017,Swiss Family Robinson (1960),Adventure|Children's
1018,That Darn Cat! (1965),Children's|Comedy|Mystery
1019,20,000 Leagues Under the Sea (1954),Adventure|Children's|Fantasy|Sci-Fi
