111,Taxi Driver (1976),Drama|Thriller
296,Pulp Fiction (1994),Crime|Drama
541,Blade Runner (1982),Film-Noir|Sci-Fi
608,Fargo (1996),Crime|Drama|Thriller
648,Mission: Impossible (1996),Action|Adventure|Mystery
750,Dr. Strangelove or: How I Learned to Stop Worrying and Love the Bomb (1963),Sci-Fi|War
858,Godfather, The (1972),Action|Crime|Drama
923,Citizen Kane (1941),Drama
924,2001: A Space Odyssey (1968),Drama|Mystery|Sci-Fi|Thriller
1199,Brazil (1985),Sci-Fi
1206,Clockwork Orange, A (1971),Sci-Fi
1208,Apocalypse Now (1979),Drama|War
1213,GoodFellas (1990),Crime|Drama
1221,Godfather: Part II, The (1974),Action|Crime|Drama
1252,Chinatown (1974),Film-Noir|Mystery|Thriller
1320,Alien³ (1992),Action|Horror|Sci-Fi|Thriller
1544,Lost World: Jurassic Park, The (1997),Action|Adventure|Sci-Fi|Thriller
1552,Con Air (1997),Action|Adventure|Thriller
1573,Face/Off (1997),Action|Sci-Fi|Thriller
1617,L.A. Confidential (1997),Crime|Film-Noir|Mystery|Thriller
1917,Armageddon (1998),Action|Adventure|Sci-Fi|Thriller
2028,Saving Private Ryan (1998),Action|Drama|War
2571,Matrix, The (1999),Action|Sci-Fi|Thriller
3623,Mission: Impossible 2 (2000),Action|Thriller
