260,Star Wars: Episode IV - A New Hope (1977),Action|Adventure|Fantasy|Sci-Fi
329,Star Trek: Generations (1994),Action|Adventure|Sci-Fi
480,Jurassic Park (1993),Action|Adventure|Sci-Fi
541,Blade Runner (1982),Film-Noir|Sci-Fi
924,2001: A Space Odyssey (1968),Drama|Mystery|Sci-Fi|Thriller
1094,Crying Game, The (1992),Drama|Romance|War
1196,Star Wars: Episode V - The Empire Strikes Back (1980),Action|Adventure|Drama|Sci-Fi|War
1200,Aliens (1986),Action|Sci-Fi|Thriller|War
1214,Alien (1979),Action|Horror|Sci-Fi|Thriller
1219,Psycho (1960),Horror|Thriller
1282,Fantasia (1940),Animation|Children's|Musical
1356,Star Trek: First Contact (1996),Action|Adventure|Sci-Fi
1372,Star Trek VI: The Undiscovered Country (1991),Action|Adventure|Sci-Fi
1374,Star Trek: The Wrath of Khan (1982),Action|Adventure|Sci-Fi
1376,Star Trek IV: The Voyage Home (1986),Action|Adventure|Sci-Fi
1544,Lost World: Jurassic Park, The (1997),Action|Adventure|Sci-Fi|Thriller
2366,King Kong (1933),Action|Adventure|Horror
2393,Star Trek: Insurrection (1998),Action|Sci-Fi
2628,Star Wars: Episode I - The Phantom Menace (1999),Action|Adventure|Fantasy|Sci-Fi
2657,Rocky Horror Picture Show, The (1975),Comedy|Horror|Musical|Sci-Fi
2746,Little Shop of Horrors (1986),Comedy|Horror|Musical
2997,Being John Malkovich (1999),Comedy
3175,Galaxy Quest (1999),Adventure|Comedy|Sci-Fi
3176,Talented Mr. Ripley, The (1999),Drama|Mystery|Thriller
