70,From Dusk Till Dawn (1996),Action|Comedy|Crime|Horror|Thriller
253,Interview with the Vampire (1994),Drama|Horror
288,Natural Born Killers (1994),Action|Thriller
480,Jurassic Park (1993),Action|Adventure|Sci-Fi
593,Silence of the Lambs, The (1991),Drama|Thriller
968,Night of the Living Dead (1968),Horror|Sci-Fi
1200,Aliens (1986),Action|Sci-Fi|Thriller|War
1214,Alien (1979),Action|Horror|Sci-Fi|Thriller
1258,Shining, The (1980),Horror
1320,Alien³ (1992),Action|Horror|Sci-Fi|Thriller
1339,Bram Stoker's Dracula (1992),Horror|Romance
1345,Carrie (1976),Horror
1347,Nightmare on Elm Street, A (1984),Horror
1387,Jaws (1975),Action|Horror
1407,Scream (1996),Horror|Thriller
1544,Lost World: Jurassic Park, The (1997),Action|Adventure|Sci-Fi|Thriller
1982,Halloween (1978),Horror
1994,Poltergeist (1982),Horror|Thriller
1997,Exorcist, The (1973),Horror
2003,Gremlins (1984),Comedy|Horror
2455,Fly, The (1986),Horror|Sci-Fi
2529,Planet of the Apes (1968),Action|Sci-Fi
3499,Misery (1990),Horror
3527,Predator (1987),Action|Sci-Fi|Thriller
