141,Birdcage, The (1996),Comedy
193,Showgirls (1995),Drama
1092,Basic Instinct (1992),Mystery|Thriller
1178,Paths of Glory (1957),Drama|War
1179,Grifters, The (1990),Crime|Drama|Film-Noir
1232,Stalker (1979),Mystery|Sci-Fi
1234,Sting, The (1973),Comedy|Crime
1237,Seventh Seal, The (Sjunde inseglet, Det) (1957),Drama
1247,Graduate, The (1967),Drama|Romance
1248,Touch of Evil (1958),Crime|Film-Noir|Thriller
1251,8 1/2 (1963),Drama
1252,Chinatown (1974),Film-Noir|Mystery|Thriller
1267,Manchurian Candidate, The (1962),Film-Noir|Thriller
1357,Shine (1996),Drama|Romance
1518,Breakdown (1997),Action|Thriller
1554,Pillow Book, The (1995),Drama|Romance
1617,L.A. Confidential (1997),Crime|Film-Noir|Mystery|Thriller
1674,Witness (1985),Drama|Romance|Thriller
1784,As Good As It Gets (1997),Comedy|Drama
1929,Grand Hotel (1932),Drama
1944,From Here to Eternity (1953),Drama|Romance|War
1953,French Connection, The (1971),Action|Crime|Drama|Thriller
1965,Repo Man (1984),Comedy|Sci-Fi
1997,Exorcist, The (1973),Horror
